[ 2024-07-01 00:36:08,476  17 COMPONENTS - INFO - loading preprocessor pickle file]
[ 2024-07-01 00:36:08,488  21 COMPONENTS - INFO - Loaded the preprocessor pickle file]
[ 2024-07-01 00:36:08,488  22 COMPONENTS - INFO - Fitting preprocessor on input X]
[ 2024-07-01 00:36:08,490  27 COMPONENTS - INFO - Fitted the preprocessor on X]
[ 2024-07-01 00:36:08,490  28 COMPONENTS - INFO - Loading Model pickle file]
[ 2024-07-01 00:36:08,553  32 COMPONENTS - INFO - Loaded the model pickle file]
[ 2024-07-01 00:36:08,553  33 COMPONENTS - INFO - Predicting using Model]
[ 2024-07-01 00:36:08,554  37 COMPONENTS - INFO - Prediction done. Prediction is - 76.64114480196197]
[ 2024-07-01 00:36:11,994  17 COMPONENTS - INFO - loading preprocessor pickle file]
[ 2024-07-01 00:36:12,000  21 COMPONENTS - INFO - Loaded the preprocessor pickle file]
[ 2024-07-01 00:36:12,000  22 COMPONENTS - INFO - Fitting preprocessor on input X]
[ 2024-07-01 00:36:12,002  27 COMPONENTS - INFO - Fitted the preprocessor on X]
[ 2024-07-01 00:36:12,002  28 COMPONENTS - INFO - Loading Model pickle file]
[ 2024-07-01 00:36:12,046  32 COMPONENTS - INFO - Loaded the model pickle file]
[ 2024-07-01 00:36:12,046  33 COMPONENTS - INFO - Predicting using Model]
[ 2024-07-01 00:36:12,046  37 COMPONENTS - INFO - Prediction done. Prediction is - 76.64114480196197]
[ 2024-07-01 00:36:36,306  17 COMPONENTS - INFO - loading preprocessor pickle file]
[ 2024-07-01 00:36:36,317  21 COMPONENTS - INFO - Loaded the preprocessor pickle file]
[ 2024-07-01 00:36:36,317  22 COMPONENTS - INFO - Fitting preprocessor on input X]
[ 2024-07-01 00:36:36,319  27 COMPONENTS - INFO - Fitted the preprocessor on X]
[ 2024-07-01 00:36:36,319  28 COMPONENTS - INFO - Loading Model pickle file]
[ 2024-07-01 00:36:36,378  32 COMPONENTS - INFO - Loaded the model pickle file]
[ 2024-07-01 00:36:36,378  33 COMPONENTS - INFO - Predicting using Model]
[ 2024-07-01 00:36:36,379  37 COMPONENTS - INFO - Prediction done. Prediction is - 76.64114480196197]
