[ 2024-07-01 01:16:33,850  97 werkzeug - INFO - [31m[1mWARNING: This is a development server. Do not use it in a production deployment. Use a production WSGI server instead.[0m
 * Running on http://127.0.0.1:5000]
[ 2024-07-01 01:16:33,850  97 werkzeug - INFO - [33mPress CTRL+C to quit[0m]
[ 2024-07-01 01:16:33,850  97 werkzeug - INFO -  * Restarting with stat]
[ 2024-07-01 01:16:34,354  97 werkzeug - WARNING -  * Debugger is active!]
[ 2024-07-01 01:16:34,361  97 werkzeug - INFO -  * Debugger PIN: 275-805-923]
[ 2024-07-01 01:16:42,946  97 werkzeug - INFO - 127.0.0.1 - - [01/Jul/2024 01:16:42] "GET /predict HTTP/1.1" 200 -]
[ 2024-07-01 01:16:56,330  17 COMPONENTS - INFO - loading preprocessor pickle file]
[ 2024-07-01 01:16:56,354  21 COMPONENTS - INFO - Loaded the preprocessor pickle file]
[ 2024-07-01 01:16:56,355  22 COMPONENTS - INFO - Fitting preprocessor on input X]
[ 2024-07-01 01:16:56,359  27 COMPONENTS - INFO - Fitted the preprocessor on X]
[ 2024-07-01 01:16:56,359  28 COMPONENTS - INFO - Loading Model pickle file]
[ 2024-07-01 01:16:56,441  32 COMPONENTS - INFO - Loaded the model pickle file]
[ 2024-07-01 01:16:56,441  33 COMPONENTS - INFO - Predicting using Model]
[ 2024-07-01 01:16:56,442  37 COMPONENTS - INFO - Prediction done. Prediction is - 76.60]
[ 2024-07-01 01:16:56,442  97 werkzeug - INFO - 127.0.0.1 - - [01/Jul/2024 01:16:56] "POST /predict HTTP/1.1" 200 -]
[ 2024-07-01 01:21:03,180  97 werkzeug - INFO - 127.0.0.1 - - [01/Jul/2024 01:21:03] "GET /predict HTTP/1.1" 200 -]
[ 2024-07-01 01:21:20,444  17 COMPONENTS - INFO - loading preprocessor pickle file]
[ 2024-07-01 01:21:20,446  21 COMPONENTS - INFO - Loaded the preprocessor pickle file]
[ 2024-07-01 01:21:20,446  22 COMPONENTS - INFO - Fitting preprocessor on input X]
[ 2024-07-01 01:21:20,455  27 COMPONENTS - INFO - Fitted the preprocessor on X]
[ 2024-07-01 01:21:20,455  28 COMPONENTS - INFO - Loading Model pickle file]
[ 2024-07-01 01:21:20,456  32 COMPONENTS - INFO - Loaded the model pickle file]
[ 2024-07-01 01:21:20,456  33 COMPONENTS - INFO - Predicting using Model]
[ 2024-07-01 01:21:20,456  37 COMPONENTS - INFO - Prediction done. Prediction is - 102.26]
[ 2024-07-01 01:21:20,457  97 werkzeug - INFO - 127.0.0.1 - - [01/Jul/2024 01:21:20] "POST /predict HTTP/1.1" 200 -]
[ 2024-07-01 01:23:05,105  97 werkzeug - INFO - 127.0.0.1 - - [01/Jul/2024 01:23:05] "GET /predict HTTP/1.1" 200 -]
[ 2024-07-01 01:23:21,127  17 COMPONENTS - INFO - loading preprocessor pickle file]
[ 2024-07-01 01:23:21,128  21 COMPONENTS - INFO - Loaded the preprocessor pickle file]
[ 2024-07-01 01:23:21,128  22 COMPONENTS - INFO - Fitting preprocessor on input X]
[ 2024-07-01 01:23:21,137  27 COMPONENTS - INFO - Fitted the preprocessor on X]
[ 2024-07-01 01:23:21,137  28 COMPONENTS - INFO - Loading Model pickle file]
[ 2024-07-01 01:23:21,138  32 COMPONENTS - INFO - Loaded the model pickle file]
[ 2024-07-01 01:23:21,138  33 COMPONENTS - INFO - Predicting using Model]
[ 2024-07-01 01:23:21,138  37 COMPONENTS - INFO - Prediction done. Prediction is - 72.31]
[ 2024-07-01 01:23:21,139  97 werkzeug - INFO - 127.0.0.1 - - [01/Jul/2024 01:23:21] "POST /predict HTTP/1.1" 200 -]
[ 2024-07-01 01:24:21,158  97 werkzeug - INFO - 127.0.0.1 - - [01/Jul/2024 01:24:21] "GET /predict HTTP/1.1" 200 -]
[ 2024-07-01 01:24:37,458  17 COMPONENTS - INFO - loading preprocessor pickle file]
[ 2024-07-01 01:24:37,459  21 COMPONENTS - INFO - Loaded the preprocessor pickle file]
[ 2024-07-01 01:24:37,459  22 COMPONENTS - INFO - Fitting preprocessor on input X]
[ 2024-07-01 01:24:37,467  27 COMPONENTS - INFO - Fitted the preprocessor on X]
[ 2024-07-01 01:24:37,467  28 COMPONENTS - INFO - Loading Model pickle file]
[ 2024-07-01 01:24:37,468  32 COMPONENTS - INFO - Loaded the model pickle file]
[ 2024-07-01 01:24:37,468  33 COMPONENTS - INFO - Predicting using Model]
[ 2024-07-01 01:24:37,469  37 COMPONENTS - INFO - Prediction done. Prediction is - 78.20]
[ 2024-07-01 01:24:37,469  97 werkzeug - INFO - 127.0.0.1 - - [01/Jul/2024 01:24:37] "POST /predict HTTP/1.1" 200 -]
[ 2024-07-01 01:26:05,438  97 werkzeug - INFO - 127.0.0.1 - - [01/Jul/2024 01:26:05] "GET /predict HTTP/1.1" 200 -]
[ 2024-07-01 01:26:20,189  17 COMPONENTS - INFO - loading preprocessor pickle file]
[ 2024-07-01 01:26:20,191  21 COMPONENTS - INFO - Loaded the preprocessor pickle file]
[ 2024-07-01 01:26:20,191  22 COMPONENTS - INFO - Fitting preprocessor on input X]
[ 2024-07-01 01:26:20,199  27 COMPONENTS - INFO - Fitted the preprocessor on X]
[ 2024-07-01 01:26:20,199  28 COMPONENTS - INFO - Loading Model pickle file]
[ 2024-07-01 01:26:20,200  32 COMPONENTS - INFO - Loaded the model pickle file]
[ 2024-07-01 01:26:20,200  33 COMPONENTS - INFO - Predicting using Model]
[ 2024-07-01 01:26:20,200  37 COMPONENTS - INFO - Prediction done. Prediction is - 68.52]
[ 2024-07-01 01:26:20,201  97 werkzeug - INFO - 127.0.0.1 - - [01/Jul/2024 01:26:20] "POST /predict HTTP/1.1" 200 -]
[ 2024-07-01 01:29:04,510  97 werkzeug - INFO -  * Detected change in '/Users/sanketsaxena/Desktop/studentPerformance/application.py', reloading]
[ 2024-07-01 01:29:04,683  97 werkzeug - INFO -  * Restarting with stat]
[ 2024-07-01 01:30:05,618  97 werkzeug - INFO -  * Restarting with stat]
[ 2024-07-01 01:30:09,571  97 werkzeug - INFO -  * Restarting with stat]
[ 2024-07-01 01:30:38,545  97 werkzeug - INFO -  * Restarting with stat]
[ 2024-07-01 01:31:15,004  97 werkzeug - INFO -  * Restarting with stat]
[ 2024-07-01 01:31:18,961  97 werkzeug - INFO -  * Restarting with stat]
