[ 2024-07-01 01:30:06,409  97 werkzeug - WARNING -  * Debugger is active!]
[ 2024-07-01 01:30:06,415  97 werkzeug - INFO -  * Debugger PIN: 275-805-923]
[ 2024-07-01 01:30:09,467  97 werkzeug - INFO -  * Detected change in '/Users/sanketsaxena/Desktop/studentPerformance/application.py', reloading]
[ 2024-07-01 01:30:10,080  97 werkzeug - WARNING -  * Debugger is active!]
[ 2024-07-01 01:30:10,085  97 werkzeug - INFO -  * Debugger PIN: 275-805-923]
[ 2024-07-01 01:30:13,798  97 werkzeug - INFO - 127.0.0.1 - - [01/Jul/2024 01:30:13] "GET /predict HTTP/1.1" 200 -]
[ 2024-07-01 01:30:24,118  17 COMPONENTS - INFO - loading preprocessor pickle file]
[ 2024-07-01 01:30:24,143  21 COMPONENTS - INFO - Loaded the preprocessor pickle file]
[ 2024-07-01 01:30:24,144  22 COMPONENTS - INFO - Fitting preprocessor on input X]
[ 2024-07-01 01:30:24,149  27 COMPONENTS - INFO - Fitted the preprocessor on X]
[ 2024-07-01 01:30:24,149  28 COMPONENTS - INFO - Loading Model pickle file]
[ 2024-07-01 01:30:24,229  32 COMPONENTS - INFO - Loaded the model pickle file]
[ 2024-07-01 01:30:24,229  33 COMPONENTS - INFO - Predicting using Model]
[ 2024-07-01 01:30:24,230  37 COMPONENTS - INFO - Prediction done. Prediction is - 49.21]
[ 2024-07-01 01:30:24,231  97 werkzeug - INFO - 127.0.0.1 - - [01/Jul/2024 01:30:24] "POST /predict HTTP/1.1" 200 -]
[ 2024-07-01 01:30:38,428  97 werkzeug - INFO -  * Detected change in '/Users/sanketsaxena/Desktop/studentPerformance/application.py', reloading]
[ 2024-07-01 01:30:39,487  97 werkzeug - WARNING -  * Debugger is active!]
[ 2024-07-01 01:30:39,493  97 werkzeug - INFO -  * Debugger PIN: 275-805-923]
[ 2024-07-01 01:30:41,059  97 werkzeug - INFO - 127.0.0.1 - - [01/Jul/2024 01:30:41] "GET /predict HTTP/1.1" 200 -]
[ 2024-07-01 01:30:52,667  17 COMPONENTS - INFO - loading preprocessor pickle file]
[ 2024-07-01 01:30:52,689  21 COMPONENTS - INFO - Loaded the preprocessor pickle file]
[ 2024-07-01 01:30:52,689  22 COMPONENTS - INFO - Fitting preprocessor on input X]
[ 2024-07-01 01:30:52,694  27 COMPONENTS - INFO - Fitted the preprocessor on X]
[ 2024-07-01 01:30:52,694  28 COMPONENTS - INFO - Loading Model pickle file]
[ 2024-07-01 01:30:52,770  32 COMPONENTS - INFO - Loaded the model pickle file]
[ 2024-07-01 01:30:52,770  33 COMPONENTS - INFO - Predicting using Model]
[ 2024-07-01 01:30:52,770  37 COMPONENTS - INFO - Prediction done. Prediction is - 67.19]
[ 2024-07-01 01:30:52,771  97 werkzeug - INFO - 127.0.0.1 - - [01/Jul/2024 01:30:52] "POST /predict HTTP/1.1" 200 -]
[ 2024-07-01 01:31:14,904  97 werkzeug - INFO -  * Detected change in '/Users/sanketsaxena/Desktop/studentPerformance/application.py', reloading]
